<?xml version="1.0" encoding="UTF-8"?>
<!-- Generated by org.testng.reporters.JUnitReportReporter -->
<testsuite hostname="DESKTOP-M2LHE37" failures="0" tests="1" name="practice.Practice" time="72.285" errors="0" timestamp="2022-11-18T16:01:33 IST" skipped="0">
  <testcase classname="practice.Practice" name="setup" time="72.285"/>
  <system-out/>
</testsuite> <!-- practice.Practice -->
