<?xml version="1.0" encoding="UTF-8"?>
<!-- Generated by org.testng.reporters.JUnitReportReporter -->
<testsuite hostname="DESKTOP-M2LHE37" failures="0" tests="1" name="practice.iframe" time="8.434" errors="0" timestamp="2022-11-21T13:39:43 IST" skipped="0">
  <testcase classname="practice.iframe" name="iframedemo" time="8.434"/>
  <system-out/>
</testsuite> <!-- practice.iframe -->
