<?xml version="1.0" encoding="UTF-8"?>
<!-- Generated by org.testng.reporters.JUnitReportReporter -->
<testsuite hostname="DESKTOP-M2LHE37" failures="0" tests="1" name="practice.ScreenShot" time="9.649" errors="0" timestamp="2022-11-21T15:00:52 IST" skipped="0">
  <testcase classname="practice.ScreenShot" name="screenshot_demo" time="9.649"/>
  <system-out/>
</testsuite> <!-- practice.ScreenShot -->
