<?xml version="1.0" encoding="UTF-8"?>
<!-- Generated by org.testng.reporters.JUnitReportReporter -->
<testsuite hostname="DESKTOP-BQGPUN3" failures="0" tests="1" name="practice.Drop_Down_Select" time="9.132" errors="0" timestamp="2023-08-01T14:02:56 IST" skipped="0">
  <testcase classname="practice.Drop_Down_Select" name="drop_down" time="9.132"/>
  <system-out/>
</testsuite> <!-- practice.Drop_Down_Select -->
