<?xml version="1.0" encoding="UTF-8"?>
<!-- Generated by org.testng.reporters.JUnitReportReporter -->
<testsuite hostname="Rahul" failures="0" tests="5" name="practice.Dataprovider" time="0.011" errors="0" timestamp="2023-08-23T10:31:32 IST" skipped="0">
  <testcase classname="practice.Dataprovider" name="loginTest" time="0.001"/>
  <testcase classname="practice.Dataprovider" name="loginTest" time="0.006"/>
  <testcase classname="practice.Dataprovider" name="loginTest" time="0.001"/>
  <testcase classname="practice.Dataprovider" name="data" time="0.001"/>
  <testcase classname="practice.Dataprovider" name="data" time="0.002"/>
</testsuite> <!-- practice.Dataprovider -->
