<?xml version="1.0" encoding="UTF-8"?>
<!-- Generated by org.testng.reporters.JUnitReportReporter -->
<testsuite hostname="DESKTOP-M2LHE37" failures="0" tests="1" name="practice.ScrollUp_ScrollDown" time="23.475" errors="0" timestamp="2022-11-24T19:55:55 IST" skipped="0">
  <testcase classname="practice.ScrollUp_ScrollDown" name="up_down" time="23.475"/>
  <system-out/>
</testsuite> <!-- practice.ScrollUp_ScrollDown -->
