<?xml version="1.0" encoding="UTF-8"?>
<!-- Generated by org.testng.reporters.JUnitReportReporter -->
<testsuite hostname="DESKTOP-M2LHE37" failures="0" tests="1" name="practice.DryRun_ExtentReport" time="25.349" errors="0" timestamp="2022-11-25T17:26:55 IST" skipped="0">
  <testcase classname="practice.DryRun_ExtentReport" name="dryrun" time="25.349"/>
  <system-out/>
</testsuite> <!-- practice.DryRun_ExtentReport -->
