<?xml version="1.0" encoding="UTF-8"?>
<!-- Generated by org.testng.reporters.JUnitReportReporter -->
<testsuite hostname="DESKTOP-BQGPUN3" failures="0" tests="1" name="practice.iframe" time="7.668" errors="0" timestamp="2023-08-01T13:47:46 IST" skipped="0">
  <testcase classname="practice.iframe" name="iframedemo" time="7.668"/>
  <system-out/>
</testsuite> <!-- practice.iframe -->
