<?xml version="1.0" encoding="UTF-8"?>
<!-- Generated by org.testng.reporters.JUnitReportReporter -->
<testsuite hostname="Rahul" failures="0" tests="1" name="practice.Drop_Down_Select" time="24.259" errors="0" timestamp="2022-12-10T11:28:58 IST" skipped="0">
  <testcase classname="practice.Drop_Down_Select" name="drop_down" time="24.259"/>
  <system-out/>
</testsuite> <!-- practice.Drop_Down_Select -->
