<?xml version="1.0" encoding="UTF-8"?>
<!-- Generated by org.testng.reporters.JUnitReportReporter -->
<testsuite hostname="DESKTOP-BQGPUN3" failures="0" tests="1" name="practice.Basic_TestNG" time="0.007" errors="0" timestamp="2023-08-01T13:47:46 IST" skipped="0">
  <testcase classname="practice.Basic_TestNG" name="BusinessLogic" time="0.007"/>
  <system-out/>
</testsuite> <!-- practice.Basic_TestNG -->
