<?xml version="1.0" encoding="UTF-8"?>
<!-- Generated by org.testng.reporters.JUnitReportReporter -->
<testsuite hostname="DESKTOP-BQGPUN3" failures="0" tests="1" name="practice.Radio_Button" time="7.381" errors="0" timestamp="2023-08-17T13:44:32 IST" skipped="0">
  <testcase classname="practice.Radio_Button" name="radio" time="7.381"/>
</testsuite> <!-- practice.Radio_Button -->
