<?xml version="1.0" encoding="UTF-8"?>
<!-- Generated by org.testng.reporters.JUnitReportReporter -->
<testsuite hostname="DESKTOP-BQGPUN3" failures="0" tests="2" name="practice.Single_Test" time="83.357" errors="0" timestamp="2023-08-01T13:47:46 IST" skipped="0">
  <testcase classname="practice.Single_Test" name="businesslogic_2" time="41.752"/>
  <system-out/>
  <testcase classname="practice.Single_Test" name="businesslogic_1" time="41.605"/>
  <system-out/>
</testsuite> <!-- practice.Single_Test -->
