<?xml version="1.0" encoding="UTF-8"?>
<!-- Generated by org.testng.reporters.JUnitReportReporter -->
<testsuite hostname="DESKTOP-BQGPUN3" failures="0" tests="1" name="practice.Windows_Based_Popup_Handling" time="0.002" errors="0" timestamp="2023-08-01T13:47:46 IST" skipped="0">
  <testcase classname="practice.Windows_Based_Popup_Handling" name="aftersuite" time="0.002"/>
  <system-out/>
</testsuite> <!-- practice.Windows_Based_Popup_Handling -->
